
ROM used:   708/32768 (2%)
            712/32768 (2%) including unused fragments

            0.6 Average locations per line
            8.3 Average locations per statement

RAM used:   7/2048 (0%) at main() level
            18/2048 (1%) worst case

Stack used: 4 worst case (4 in main + 0 for interrupts)
Stack size: 31

Lines Stmts  %   Files
----- ----- ---  -----
   63    16  19  LCD.c
  972     0   0  D:\Programas\PICC\Devices\18F45K50.h
  239    69  81  flex_lcd.h
----- -----
 1274    85 Total

Page ROM  %  RAM    Vol Diff  Functions:
---- --- --- ---    --- ----  ----------
0     40   3    1             @delay_ms1
0     20   1    0     76  2.0  @const702
0     70   5    1    328  2.7  lcd_send_nibble
0     50   4    1    362  2.3  lcd_read_nibble
0     36   3    3    165  3.3  lcd_read_byte
0     66   5    3    319  4.1  lcd_send_byte
0     76   5    2    384  4.4  lcd_init
0     34   2    4    186  5.5  lcd_gotoxy
0     68   5    1    275  3.9  lcd_putc
0    170  12    1    365  2.3  MAIN
0     14   1    0             @const736
0     32   2    2             @PSTRINGC_724
0     14   1    0             @const741
0     14   1    0             @const742
 Inline         0             @cinit1

Program metrics:
    Functions               9
    Statements              85
    Comments                263
    Volume (V)              3952
    Difficulty (D)          29.5
    Effort to implement (E) 116725
    Time to implement (T)   1 hours, 48 minutes
    Est Delivered Bugs (B)  1
    Cyclomatic Complexity   8
    Maintainability (MI)    146

 Segment     Used  Free
-----------  ----  ----
00000-01FFE     0  8192  
02000-02006     4  4  
02008-07FFE   704  23864  



